# JRE version: OpenJDK Runtime Environment Temurin-17.0.10+7 (17.0.10+7) (build 17.0.10+7)
# Java VM: OpenJDK 64-Bit Server VM Temurin-17.0.10+7 (17.0.10+7, mixed mode, tiered, compressed oops, compressed class ptrs, parallel gc, windows-amd64)
GC Precious Log:
 CPUs: 8 total, 8 available
 Memory: 16107M
 Large Page Support: Disabled
 NUMA Support: Disabled
 Compressed Oops: Enabled (32-bit)
 Alignments: Space 512K, Generation 512K, Heap 2M
 Heap Min Capacity: 100M
 Heap Initial Capacity: 100M
 Heap Max Capacity: 1G
 Pre-touch: Disabled
 Parallel Workers: 8
Heap:
 PSYoungGen      total 22016K, used 1920K [0x00000000eab00000, 0x00000000ec380000, 0x0000000100000000)
  eden space 19968K, 0% used [0x00000000eab00000,0x00000000eab00000,0x00000000ebe80000)
  from space 2048K, 93% used [0x00000000ec180000,0x00000000ec360040,0x00000000ec380000)
  to   space 2560K, 0% used [0x00000000ebe80000,0x00000000ebe80000,0x00000000ec100000)
 ParOldGen       total 130560K, used 130438K [0x00000000c0000000, 0x00000000c7f80000, 0x00000000eab00000)
  object space 130560K, 99% used [0x00000000c0000000,0x00000000c7f61838,0x00000000c7f80000)
 Metaspace       used 90894K, committed 92096K, reserved 1179648K
  class space    used 8998K, committed 9536K, reserved 1048576K
GC Heap History (20 events):
Event: 4243.962 GC heap after
{Heap after GC invocations=6013 (full 64):
 PSYoungGen      total 23040K, used 2976K [0x00000000eab00000, 0x00000000ec580000, 0x0000000100000000)
  eden space 19968K, 0% used [0x00000000eab00000,0x00000000eab00000,0x00000000ebe80000)
  from space 3072K, 96% used [0x00000000ebf80000,0x00000000ec268060,0x00000000ec280000)
  to   space 3072K, 0% used [0x00000000ec280000,0x00000000ec280000,0x00000000ec580000)
 ParOldGen       total 130560K, used 127300K [0x00000000c0000000, 0x00000000c7f80000, 0x00000000eab00000)
  object space 130560K, 97% used [0x00000000c0000000,0x00000000c7c510d8,0x00000000c7f80000)
 Metaspace       used 90838K, committed 92032K, reserved 1179648K
  class space    used 8998K, committed 9536K, reserved 1048576K
}
Event: 4245.142 GC heap before
{Heap before GC invocations=6014 (full 64):
 PSYoungGen      total 23040K, used 22944K [0x00000000eab00000, 0x00000000ec580000, 0x0000000100000000)
  eden space 19968K, 100% used [0x00000000eab00000,0x00000000ebe80000,0x00000000ebe80000)
  from space 3072K, 96% used [0x00000000ebf80000,0x00000000ec268060,0x00000000ec280000)
  to   space 3072K, 0% used [0x00000000ec280000,0x00000000ec280000,0x00000000ec580000)
 ParOldGen       total 130560K, used 127300K [0x00000000c0000000, 0x00000000c7f80000, 0x00000000eab00000)
  object space 130560K, 97% used [0x00000000c0000000,0x00000000c7c510d8,0x00000000c7f80000)
 Metaspace       used 90860K, committed 92096K, reserved 1179648K
  class space    used 8998K, committed 9536K, reserved 1048576K
}
Event: 4245.146 GC heap after
{Heap after GC invocations=6014 (full 64):
 PSYoungGen      total 23040K, used 2896K [0x00000000eab00000, 0x00000000ec580000, 0x0000000100000000)
  eden space 19968K, 0% used [0x00000000eab00000,0x00000000eab00000,0x00000000ebe80000)
  from space 3072K, 94% used [0x00000000ec280000,0x00000000ec554090,0x00000000ec580000)
  to   space 3072K, 0% used [0x00000000ebf80000,0x00000000ebf80000,0x00000000ec280000)
 ParOldGen       total 130560K, used 127308K [0x00000000c0000000, 0x00000000c7f80000, 0x00000000eab00000)
  object space 130560K, 97% used [0x00000000c0000000,0x00000000c7c530d8,0x00000000c7f80000)
 Metaspace       used 90860K, committed 92096K, reserved 1179648K
  class space    used 8998K, committed 9536K, reserved 1048576K
}
Event: 4245.949 GC heap before
{Heap before GC invocations=6015 (full 64):
 PSYoungGen      total 23040K, used 22864K [0x00000000eab00000, 0x00000000ec580000, 0x0000000100000000)
  eden space 19968K, 100% used [0x00000000eab00000,0x00000000ebe80000,0x00000000ebe80000)
  from space 3072K, 94% used [0x00000000ec280000,0x00000000ec554090,0x00000000ec580000)
  to   space 3072K, 0% used [0x00000000ebf80000,0x00000000ebf80000,0x00000000ec280000)
 ParOldGen       total 130560K, used 127308K [0x00000000c0000000, 0x00000000c7f80000, 0x00000000eab00000)
  object space 130560K, 97% used [0x00000000c0000000,0x00000000c7c530d8,0x00000000c7f80000)
 Metaspace       used 90864K, committed 92096K, reserved 1179648K
  class space    used 8998K, committed 9536K, reserved 1048576K
}
Event: 4245.952 GC heap after
{Heap after GC invocations=6015 (full 64):
 PSYoungGen      total 23040K, used 2912K [0x00000000eab00000, 0x00000000ec480000, 0x0000000100000000)
  eden space 19968K, 0% used [0x00000000eab00000,0x00000000eab00000,0x00000000ebe80000)
  from space 3072K, 94% used [0x00000000ebf80000,0x00000000ec2580a0,0x00000000ec280000)
  to   space 2048K, 0% used [0x00000000ec280000,0x00000000ec280000,0x00000000ec480000)
 ParOldGen       total 130560K, used 127308K [0x00000000c0000000, 0x00000000c7f80000, 0x00000000eab00000)
  object space 130560K, 97% used [0x00000000c0000000,0x00000000c7c530d8,0x00000000c7f80000)
 Metaspace       used 90864K, committed 92096K, reserved 1179648K
  class space    used 8998K, committed 9536K, reserved 1048576K
}
Event: 4247.209 GC heap before
{Heap before GC invocations=6016 (full 64):
 PSYoungGen      total 23040K, used 22880K [0x00000000eab00000, 0x00000000ec480000, 0x0000000100000000)
  eden space 19968K, 100% used [0x00000000eab00000,0x00000000ebe80000,0x00000000ebe80000)
  from space 3072K, 94% used [0x00000000ebf80000,0x00000000ec2580a0,0x00000000ec280000)
  to   space 2048K, 0% used [0x00000000ec280000,0x00000000ec280000,0x00000000ec480000)
 ParOldGen       total 130560K, used 127308K [0x00000000c0000000, 0x00000000c7f80000, 0x00000000eab00000)
  object space 130560K, 97% used [0x00000000c0000000,0x00000000c7c530d8,0x00000000c7f80000)
 Metaspace       used 90867K, committed 92096K, reserved 1179648K
  class space    used 8998K, committed 9536K, reserved 1048576K
}
Event: 4247.211 GC heap after
{Heap after GC invocations=6016 (full 64):
 PSYoungGen      total 22016K, used 2016K [0x00000000eab00000, 0x00000000ec480000, 0x0000000100000000)
  eden space 19968K, 0% used [0x00000000eab00000,0x00000000eab00000,0x00000000ebe80000)
  from space 2048K, 98% used [0x00000000ec280000,0x00000000ec478080,0x00000000ec480000)
  to   space 3072K, 0% used [0x00000000ebe80000,0x00000000ebe80000,0x00000000ec180000)
 ParOldGen       total 130560K, used 128142K [0x00000000c0000000, 0x00000000c7f80000, 0x00000000eab00000)
  object space 130560K, 98% used [0x00000000c0000000,0x00000000c7d23a18,0x00000000c7f80000)
 Metaspace       used 90867K, committed 92096K, reserved 1179648K
  class space    used 8998K, committed 9536K, reserved 1048576K
}
Event: 4248.518 GC heap before
{Heap before GC invocations=6017 (full 64):
 PSYoungGen      total 22016K, used 21984K [0x00000000eab00000, 0x00000000ec480000, 0x0000000100000000)
  eden space 19968K, 100% used [0x00000000eab00000,0x00000000ebe80000,0x00000000ebe80000)
  from space 2048K, 98% used [0x00000000ec280000,0x00000000ec478080,0x00000000ec480000)
  to   space 3072K, 0% used [0x00000000ebe80000,0x00000000ebe80000,0x00000000ec180000)
 ParOldGen       total 130560K, used 128142K [0x00000000c0000000, 0x00000000c7f80000, 0x00000000eab00000)
  object space 130560K, 98% used [0x00000000c0000000,0x00000000c7d23a18,0x00000000c7f80000)
 Metaspace       used 90883K, committed 92096K, reserved 1179648K
  class space    used 8998K, committed 9536K, reserved 1048576K
}
Event: 4248.521 GC heap after
{Heap after GC invocations=6017 (full 64):
 PSYoungGen      total 23040K, used 3008K [0x00000000eab00000, 0x00000000ec480000, 0x0000000100000000)
  eden space 19968K, 0% used [0x00000000eab00000,0x00000000eab00000,0x00000000ebe80000)
  from space 3072K, 97% used [0x00000000ebe80000,0x00000000ec1700c0,0x00000000ec180000)
  to   space 3072K, 0% used [0x00000000ec180000,0x00000000ec180000,0x00000000ec480000)
 ParOldGen       total 130560K, used 128150K [0x00000000c0000000, 0x00000000c7f80000, 0x00000000eab00000)
  object space 130560K, 98% used [0x00000000c0000000,0x00000000c7d25a18,0x00000000c7f80000)
 Metaspace       used 90883K, committed 92096K, reserved 1179648K
  class space    used 8998K, committed 9536K, reserved 1048576K
}
Event: 4261.831 GC heap before
{Heap before GC invocations=6018 (full 64):
 PSYoungGen      total 23040K, used 22976K [0x00000000eab00000, 0x00000000ec480000, 0x0000000100000000)
  eden space 19968K, 100% used [0x00000000eab00000,0x00000000ebe80000,0x00000000ebe80000)
  from space 3072K, 97% used [0x00000000ebe80000,0x00000000ec1700c0,0x00000000ec180000)
  to   space 3072K, 0% used [0x00000000ec180000,0x00000000ec180000,0x00000000ec480000)
 ParOldGen       total 130560K, used 128150K [0x00000000c0000000, 0x00000000c7f80000, 0x00000000eab00000)
  object space 130560K, 98% used [0x00000000c0000000,0x00000000c7d25a18,0x00000000c7f80000)
 Metaspace       used 90884K, committed 92096K, reserved 1179648K
  class space    used 8998K, committed 9536K, reserved 1048576K
}
Event: 4261.835 GC heap after
{Heap after GC invocations=6018 (full 64):
 PSYoungGen      total 23040K, used 2432K [0x00000000eab00000, 0x00000000ec480000, 0x0000000100000000)
  eden space 19968K, 0% used [0x00000000eab00000,0x00000000eab00000,0x00000000ebe80000)
  from space 3072K, 79% used [0x00000000ec180000,0x00000000ec3e00a0,0x00000000ec480000)
  to   space 3072K, 0% used [0x00000000ebe80000,0x00000000ebe80000,0x00000000ec180000)
 ParOldGen       total 130560K, used 128150K [0x00000000c0000000, 0x00000000c7f80000, 0x00000000eab00000)
  object space 130560K, 98% used [0x00000000c0000000,0x00000000c7d25a18,0x00000000c7f80000)
 Metaspace       used 90884K, committed 92096K, reserved 1179648K
  class space    used 8998K, committed 9536K, reserved 1048576K
}
Event: 4272.646 GC heap before
{Heap before GC invocations=6019 (full 64):
 PSYoungGen      total 23040K, used 22400K [0x00000000eab00000, 0x00000000ec480000, 0x0000000100000000)
  eden space 19968K, 100% used [0x00000000eab00000,0x00000000ebe80000,0x00000000ebe80000)
  from space 3072K, 79% used [0x00000000ec180000,0x00000000ec3e00a0,0x00000000ec480000)
  to   space 3072K, 0% used [0x00000000ebe80000,0x00000000ebe80000,0x00000000ec180000)
 ParOldGen       total 130560K, used 128150K [0x00000000c0000000, 0x00000000c7f80000, 0x00000000eab00000)
  object space 130560K, 98% used [0x00000000c0000000,0x00000000c7d25a18,0x00000000c7f80000)
 Metaspace       used 90894K, committed 92096K, reserved 1179648K
  class space    used 8998K, committed 9536K, reserved 1048576K
}
Event: 4272.651 GC heap after
{Heap after GC invocations=6019 (full 64):
 PSYoungGen      total 22016K, used 2016K [0x00000000eab00000, 0x00000000ec380000, 0x0000000100000000)
  eden space 19968K, 0% used [0x00000000eab00000,0x00000000eab00000,0x00000000ebe80000)
  from space 2048K, 98% used [0x00000000ebe80000,0x00000000ec078060,0x00000000ec080000)
  to   space 2560K, 0% used [0x00000000ec100000,0x00000000ec100000,0x00000000ec380000)
 ParOldGen       total 130560K, used 128158K [0x00000000c0000000, 0x00000000c7f80000, 0x00000000eab00000)
  object space 130560K, 98% used [0x00000000c0000000,0x00000000c7d27a18,0x00000000c7f80000)
 Metaspace       used 90894K, committed 92096K, reserved 1179648K
  class space    used 8998K, committed 9536K, reserved 1048576K
}
Event: 4274.113 GC heap before
{Heap before GC invocations=6020 (full 64):
 PSYoungGen      total 22016K, used 21984K [0x00000000eab00000, 0x00000000ec380000, 0x0000000100000000)
  eden space 19968K, 100% used [0x00000000eab00000,0x00000000ebe80000,0x00000000ebe80000)
  from space 2048K, 98% used [0x00000000ebe80000,0x00000000ec078060,0x00000000ec080000)
  to   space 2560K, 0% used [0x00000000ec100000,0x00000000ec100000,0x00000000ec380000)
 ParOldGen       total 130560K, used 128158K [0x00000000c0000000, 0x00000000c7f80000, 0x00000000eab00000)
  object space 130560K, 98% used [0x00000000c0000000,0x00000000c7d27a18,0x00000000c7f80000)
 Metaspace       used 90894K, committed 92096K, reserved 1179648K
  class space    used 8998K, committed 9536K, reserved 1048576K
}
Event: 4274.118 GC heap after
{Heap after GC invocations=6020 (full 64):
 PSYoungGen      total 22016K, used 1536K [0x00000000eab00000, 0x00000000ec300000, 0x0000000100000000)
  eden space 19968K, 0% used [0x00000000eab00000,0x00000000eab00000,0x00000000ebe80000)
  from space 2048K, 75% used [0x00000000ec100000,0x00000000ec280080,0x00000000ec300000)
  to   space 2048K, 0% used [0x00000000ebe80000,0x00000000ebe80000,0x00000000ec080000)
 ParOldGen       total 130560K, used 128840K [0x00000000c0000000, 0x00000000c7f80000, 0x00000000eab00000)
  object space 130560K, 98% used [0x00000000c0000000,0x00000000c7dd2338,0x00000000c7f80000)
 Metaspace       used 90894K, committed 92096K, reserved 1179648K
  class space    used 8998K, committed 9536K, reserved 1048576K
}
Event: 4288.800 GC heap before
{Heap before GC invocations=6021 (full 64):
 PSYoungGen      total 22016K, used 21504K [0x00000000eab00000, 0x00000000ec300000, 0x0000000100000000)
  eden space 19968K, 99% used [0x00000000eab00000,0x00000000ebe7fff0,0x00000000ebe80000)
  from space 2048K, 75% used [0x00000000ec100000,0x00000000ec280080,0x00000000ec300000)
  to   space 2048K, 0% used [0x00000000ebe80000,0x00000000ebe80000,0x00000000ec080000)
 ParOldGen       total 130560K, used 128840K [0x00000000c0000000, 0x00000000c7f80000, 0x00000000eab00000)
  object space 130560K, 98% used [0x00000000c0000000,0x00000000c7dd2338,0x00000000c7f80000)
 Metaspace       used 90894K, committed 92096K, reserved 1179648K
  class space    used 8998K, committed 9536K, reserved 1048576K
}
Event: 4288.801 GC heap after
{Heap after GC invocations=6021 (full 64):
 PSYoungGen      total 22016K, used 2030K [0x00000000eab00000, 0x00000000ec480000, 0x0000000100000000)
  eden space 19968K, 0% used [0x00000000eab00000,0x00000000eab00000,0x00000000ebe80000)
  from space 2048K, 99% used [0x00000000ebe80000,0x00000000ec07bbc0,0x00000000ec080000)
  to   space 3072K, 0% used [0x00000000ec180000,0x00000000ec180000,0x00000000ec480000)
 ParOldGen       total 130560K, used 129448K [0x00000000c0000000, 0x00000000c7f80000, 0x00000000eab00000)
  object space 130560K, 99% used [0x00000000c0000000,0x00000000c7e6a358,0x00000000c7f80000)
 Metaspace       used 90894K, committed 92096K, reserved 1179648K
  class space    used 8998K, committed 9536K, reserved 1048576K
}
Event: 4290.500 GC heap before
{Heap before GC invocations=6022 (full 64):
 PSYoungGen      total 22016K, used 21998K [0x00000000eab00000, 0x00000000ec480000, 0x0000000100000000)
  eden space 19968K, 100% used [0x00000000eab00000,0x00000000ebe80000,0x00000000ebe80000)
  from space 2048K, 99% used [0x00000000ebe80000,0x00000000ec07bbc0,0x00000000ec080000)
  to   space 3072K, 0% used [0x00000000ec180000,0x00000000ec180000,0x00000000ec480000)
 ParOldGen       total 130560K, used 129448K [0x00000000c0000000, 0x00000000c7f80000, 0x00000000eab00000)
  object space 130560K, 99% used [0x00000000c0000000,0x00000000c7e6a358,0x00000000c7f80000)
 Metaspace       used 90894K, committed 92096K, reserved 1179648K
  class space    used 8998K, committed 9536K, reserved 1048576K
}
Event: 4290.504 GC heap after
{Heap after GC invocations=6022 (full 64):
 PSYoungGen      total 22016K, used 1920K [0x00000000eab00000, 0x00000000ec380000, 0x0000000100000000)
  eden space 19968K, 0% used [0x00000000eab00000,0x00000000eab00000,0x00000000ebe80000)
  from space 2048K, 93% used [0x00000000ec180000,0x00000000ec360040,0x00000000ec380000)
  to   space 2560K, 0% used [0x00000000ebe80000,0x00000000ebe80000,0x00000000ec100000)
 ParOldGen       total 130560K, used 130438K [0x00000000c0000000, 0x00000000c7f80000, 0x00000000eab00000)
  object space 130560K, 99% used [0x00000000c0000000,0x00000000c7f61838,0x00000000c7f80000)
 Metaspace       used 90894K, committed 92096K, reserved 1179648K
  class space    used 8998K, committed 9536K, reserved 1048576K
}
Event: 4290.504 GC heap before
{Heap before GC invocations=6023 (full 65):
 PSYoungGen      total 22016K, used 1920K [0x00000000eab00000, 0x00000000ec380000, 0x0000000100000000)
  eden space 19968K, 0% used [0x00000000eab00000,0x00000000eab00000,0x00000000ebe80000)
  from space 2048K, 93% used [0x00000000ec180000,0x00000000ec360040,0x00000000ec380000)
  to   space 2560K, 0% used [0x00000000ebe80000,0x00000000ebe80000,0x00000000ec100000)
 ParOldGen       total 130560K, used 130438K [0x00000000c0000000, 0x00000000c7f80000, 0x00000000eab00000)
  object space 130560K, 99% used [0x00000000c0000000,0x00000000c7f61838,0x00000000c7f80000)
 Metaspace       used 90894K, committed 92096K, reserved 1179648K
  class space    used 8998K, committed 9536K, reserved 1048576K
}

